# JRE version: Java(TM) SE Runtime Environment (8.0_351-b10) (build 1.8.0_351-b10)
# Java VM: Java HotSpot(TM) 64-Bit Server VM (25.351-b10 mixed mode windows-amd64 compressed oops)
Heap:
 PSYoungGen      total 135680K, used 78707K [0x00000000eba00000, 0x00000000f6f00000, 0x0000000100000000)
  eden space 122368K, 53% used [0x00000000eba00000,0x00000000ef9de708,0x00000000f3180000)
  from space 13312K, 99% used [0x00000000f3180000,0x00000000f3e7e848,0x00000000f3e80000)
  to   space 17408K, 0% used [0x00000000f5e00000,0x00000000f5e00000,0x00000000f6f00000)
 ParOldGen       total 47104K, used 23437K [0x00000000c2e00000, 0x00000000c5c00000, 0x00000000eba00000)
  object space 47104K, 49% used [0x00000000c2e00000,0x00000000c44e3618,0x00000000c5c00000)
 Metaspace       used 25976K, capacity 26676K, committed 27056K, reserved 1073152K
  class space    used 2935K, capacity 3130K, committed 3248K, reserved 1048576K
GC Heap History (10 events):
Event: 7.240 GC heap before
{Heap before GC invocations=6 (full 0):
 PSYoungGen      total 34304K, used 34288K [0x00000000eba00000, 0x00000000f0700000, 0x0000000100000000)
  eden space 31744K, 100% used [0x00000000eba00000,0x00000000ed900000,0x00000000ed900000)
  from space 2560K, 99% used [0x00000000ed900000,0x00000000edb7c010,0x00000000edb80000)
  to   space 7680K, 0% used [0x00000000eff80000,0x00000000eff80000,0x00000000f0700000)
 ParOldGen       total 42496K, used 9918K [0x00000000c2e00000, 0x00000000c5780000, 0x00000000eba00000)
  object space 42496K, 23% used [0x00000000c2e00000,0x00000000c37afbb0,0x00000000c5780000)
 Metaspace       used 15674K, capacity 16010K, committed 16384K, reserved 1062912K
  class space    used 1866K, capacity 1950K, committed 2048K, reserved 1048576K
Event: 7.282 GC heap after
Heap after GC invocations=6 (full 0):
 PSYoungGen      total 70144K, used 6956K [0x00000000eba00000, 0x00000000f0900000, 0x0000000100000000)
  eden space 62464K, 0% used [0x00000000eba00000,0x00000000eba00000,0x00000000ef700000)
  from space 7680K, 90% used [0x00000000eff80000,0x00000000f064b100,0x00000000f0700000)
  to   space 8704K, 0% used [0x00000000ef700000,0x00000000ef700000,0x00000000eff80000)
 ParOldGen       total 42496K, used 9918K [0x00000000c2e00000, 0x00000000c5780000, 0x00000000eba00000)
  object space 42496K, 23% used [0x00000000c2e00000,0x00000000c37afbb0,0x00000000c5780000)
 Metaspace       used 15674K, capacity 16010K, committed 16384K, reserved 1062912K
  class space    used 1866K, capacity 1950K, committed 2048K, reserved 1048576K
}
Event: 10.184 GC heap before
{Heap before GC invocations=7 (full 0):
 PSYoungGen      total 70144K, used 69420K [0x00000000eba00000, 0x00000000f0900000, 0x0000000100000000)
  eden space 62464K, 100% used [0x00000000eba00000,0x00000000ef700000,0x00000000ef700000)
  from space 7680K, 90% used [0x00000000eff80000,0x00000000f064b100,0x00000000f0700000)
  to   space 8704K, 0% used [0x00000000ef700000,0x00000000ef700000,0x00000000eff80000)
 ParOldGen       total 42496K, used 9918K [0x00000000c2e00000, 0x00000000c5780000, 0x00000000eba00000)
  object space 42496K, 23% used [0x00000000c2e00000,0x00000000c37afbb0,0x00000000c5780000)
 Metaspace       used 17135K, capacity 17636K, committed 17792K, reserved 1064960K
  class space    used 1981K, capacity 2097K, committed 2176K, reserved 1048576K
Event: 10.219 GC heap after
Heap after GC invocations=7 (full 0):
 PSYoungGen      total 71168K, used 8672K [0x00000000eba00000, 0x00000000f4900000, 0x0000000100000000)
  eden space 62464K, 0% used [0x00000000eba00000,0x00000000eba00000,0x00000000ef700000)
  from space 8704K, 99% used [0x00000000ef700000,0x00000000eff78020,0x00000000eff80000)
  to   space 10752K, 0% used [0x00000000f3e80000,0x00000000f3e80000,0x00000000f4900000)
 ParOldGen       total 42496K, used 11496K [0x00000000c2e00000, 0x00000000c5780000, 0x00000000eba00000)
  object space 42496K, 27% used [0x00000000c2e00000,0x00000000c393a228,0x00000000c5780000)
 Metaspace       used 17135K, capacity 17636K, committed 17792K, reserved 1064960K
  class space    used 1981K, capacity 2097K, committed 2176K, reserved 1048576K
}
Event: 16.468 GC heap before
{Heap before GC invocations=8 (full 0):
 PSYoungGen      total 71168K, used 58188K [0x00000000eba00000, 0x00000000f4900000, 0x0000000100000000)
  eden space 62464K, 79% used [0x00000000eba00000,0x00000000eea5b108,0x00000000ef700000)
  from space 8704K, 99% used [0x00000000ef700000,0x00000000eff78020,0x00000000eff80000)
  to   space 10752K, 0% used [0x00000000f3e80000,0x00000000f3e80000,0x00000000f4900000)
 ParOldGen       total 42496K, used 11496K [0x00000000c2e00000, 0x00000000c5780000, 0x00000000eba00000)
  object space 42496K, 27% used [0x00000000c2e00000,0x00000000c393a228,0x00000000c5780000)
 Metaspace       used 20700K, capacity 21250K, committed 21296K, reserved 1069056K
  class space    used 2434K, capacity 2602K, committed 2608K, reserved 1048576K
Event: 16.524 GC heap after
Heap after GC invocations=8 (full 0):
 PSYoungGen      total 133120K, used 10735K [0x00000000eba00000, 0x00000000f4e00000, 0x0000000100000000)
  eden space 122368K, 0% used [0x00000000eba00000,0x00000000eba00000,0x00000000f3180000)
  from space 10752K, 99% used [0x00000000f3e80000,0x00000000f48fbe30,0x00000000f4900000)
  to   space 13312K, 0% used [0x00000000f3180000,0x00000000f3180000,0x00000000f3e80000)
 ParOldGen       total 42496K, used 13120K [0x00000000c2e00000, 0x00000000c5780000, 0x00000000eba00000)
  object space 42496K, 30% used [0x00000000c2e00000,0x00000000c3ad0148,0x00000000c5780000)
 Metaspace       used 20700K, capacity 21250K, committed 21296K, reserved 1069056K
  class space    used 2434K, capacity 2602K, committed 2608K, reserved 1048576K
}
Event: 16.524 GC heap before
{Heap before GC invocations=9 (full 1):
 PSYoungGen      total 133120K, used 10735K [0x00000000eba00000, 0x00000000f4e00000, 0x0000000100000000)
  eden space 122368K, 0% used [0x00000000eba00000,0x00000000eba00000,0x00000000f3180000)
  from space 10752K, 99% used [0x00000000f3e80000,0x00000000f48fbe30,0x00000000f4900000)
  to   space 13312K, 0% used [0x00000000f3180000,0x00000000f3180000,0x00000000f3e80000)
 ParOldGen       total 42496K, used 13120K [0x00000000c2e00000, 0x00000000c5780000, 0x00000000eba00000)
  object space 42496K, 30% used [0x00000000c2e00000,0x00000000c3ad0148,0x00000000c5780000)
 Metaspace       used 20700K, capacity 21250K, committed 21296K, reserved 1069056K
  class space    used 2434K, capacity 2602K, committed 2608K, reserved 1048576K
Event: 16.807 GC heap after
Heap after GC invocations=9 (full 1):
 PSYoungGen      total 133120K, used 0K [0x00000000eba00000, 0x00000000f4e00000, 0x0000000100000000)
  eden space 122368K, 0% used [0x00000000eba00000,0x00000000eba00000,0x00000000f3180000)
  from space 10752K, 0% used [0x00000000f3e80000,0x00000000f3e80000,0x00000000f4900000)
  to   space 13312K, 0% used [0x00000000f3180000,0x00000000f3180000,0x00000000f3e80000)
 ParOldGen       total 47104K, used 17724K [0x00000000c2e00000, 0x00000000c5c00000, 0x00000000eba00000)
  object space 47104K, 37% used [0x00000000c2e00000,0x00000000c3f4f1c8,0x00000000c5c00000)
 Metaspace       used 20700K, capacity 21250K, committed 21296K, reserved 1069056K
  class space    used 2434K, capacity 2602K, committed 2608K, reserved 1048576K
}
Event: 31.112 GC heap before
{Heap before GC invocations=10 (full 1):
 PSYoungGen      total 133120K, used 122368K [0x00000000eba00000, 0x00000000f4e00000, 0x0000000100000000)
  eden space 122368K, 100% used [0x00000000eba00000,0x00000000f3180000,0x00000000f3180000)
  from space 10752K, 0% used [0x00000000f3e80000,0x00000000f3e80000,0x00000000f4900000)
  to   space 13312K, 0% used [0x00000000f3180000,0x00000000f3180000,0x00000000f3e80000)
 ParOldGen       total 47104K, used 17724K [0x00000000c2e00000, 0x00000000c5c00000, 0x00000000eba00000)
  object space 47104K, 37% used [0x00000000c2e00000,0x00000000c3f4f1c8,0x00000000c5c00000)
 Metaspace       used 24869K, capacity 25556K, committed 25904K, reserved 1073152K
  class space    used 2836K, capacity 3034K, committed 3120K, reserved 1048576K
Event: 31.156 GC heap after
Heap after GC invocations=10 (full 1):
 PSYoungGen      total 135680K, used 13306K [0x00000000eba00000, 0x00000000f6f00000, 0x0000000100000000)
  eden space 122368K, 0% used [0x00000000eba00000,0x00000000eba00000,0x00000000f3180000)
  from space 13312K, 99% used [0x00000000f3180000,0x00000000f3e7e848,0x00000000f3e80000)
  to   space 17408K, 0% used [0x00000000f5e00000,0x00000000f5e00000,0x00000000f6f00000)
 ParOldGen       total 47104K, used 23437K [0x00000000c2e00000, 0x00000000c5c00000, 0x00000000eba00000)
  object space 47104K, 49% used [0x00000000c2e00000,0x00000000c44e3618,0x00000000c5c00000)
 Metaspace       used 24869K, capacity 25556K, committed 25904K, reserved 1073152K
  class space    used 2836K, capacity 3034K, committed 3120K, reserved 1048576K
}

